Build output check failed:
    Regex: 'argument .* is not valid'
    Output line: 'cc1: warning: ‘-Werror=’ argument ‘-Werror=non-virtual-dtor’ is not valid for C'
Compilation failed:
    source file: '/home/tuananh1602/opencv/build/CMakeFiles/CMakeTmp/src.c'
    check option: ' -fsigned-char -W -Wall -Werror=return-type  -Werror=non-virtual-dtor'
===== BUILD LOG =====
Change Dir: /home/tuananh1602/opencv/build/CMakeFiles/CMakeTmp

Run Build Command(s):/usr/bin/gmake cmTC_ae272/fast && /usr/bin/gmake  -f CMakeFiles/cmTC_ae272.dir/build.make CMakeFiles/cmTC_ae272.dir/build
gmake[1]: Entering directory '/home/tuananh1602/opencv/build/CMakeFiles/CMakeTmp'
Building C object CMakeFiles/cmTC_ae272.dir/src.c.o
/usr/bin/cc   -O3 -DNDEBUG -fPIE    -fsigned-char -W -Wall -Werror=return-type  -Werror=non-virtual-dtor -o CMakeFiles/cmTC_ae272.dir/src.c.o -c /home/tuananh1602/opencv/build/CMakeFiles/CMakeTmp/src.c
cc1: warning: ‘-Werror=’ argument ‘-Werror=non-virtual-dtor’ is not valid for C
/home/tuananh1602/opencv/build/CMakeFiles/CMakeTmp/src.c:1: warning: ignoring ‘#pragma  ’ [-Wunknown-pragmas]
    1 | #pragma
      | 
Linking C executable cmTC_ae272
/usr/bin/cmake -E cmake_link_script CMakeFiles/cmTC_ae272.dir/link.txt --verbose=1
/usr/bin/cc -O3 -DNDEBUG CMakeFiles/cmTC_ae272.dir/src.c.o -o cmTC_ae272 
gmake[1]: Leaving directory '/home/tuananh1602/opencv/build/CMakeFiles/CMakeTmp'


===== END =====

Build output check failed:
    Regex: 'command[- ]line option .* is valid for .* but not for C\+\+'
    Output line: 'cc1plus: warning: command-line option ‘-Wmissing-prototypes’ is valid for C/ObjC but not for C++'
Compilation failed:
    source file: '/home/tuananh1602/opencv/build/CMakeFiles/CMakeTmp/src.cxx'
    check option: ' -fsigned-char -W -Wall -Werror=return-type -Werror=non-virtual-dtor -Werror=address -Werror=sequence-point -Wformat -Werror=format-security -Wmissing-declarations  -Wmissing-prototypes'
===== BUILD LOG =====
Change Dir: /home/tuananh1602/opencv/build/CMakeFiles/CMakeTmp

Run Build Command(s):/usr/bin/gmake cmTC_36d34/fast && /usr/bin/gmake  -f CMakeFiles/cmTC_36d34.dir/build.make CMakeFiles/cmTC_36d34.dir/build
gmake[1]: Entering directory '/home/tuananh1602/opencv/build/CMakeFiles/CMakeTmp'
Building CXX object CMakeFiles/cmTC_36d34.dir/src.cxx.o
/usr/bin/c++   -O3 -DNDEBUG -fPIE    -fsigned-char -W -Wall -Werror=return-type -Werror=non-virtual-dtor -Werror=address -Werror=sequence-point -Wformat -Werror=format-security -Wmissing-declarations  -Wmissing-prototypes -std=c++11 -o CMakeFiles/cmTC_36d34.dir/src.cxx.o -c /home/tuananh1602/opencv/build/CMakeFiles/CMakeTmp/src.cxx
cc1plus: warning: command-line option ‘-Wmissing-prototypes’ is valid for C/ObjC but not for C++
/home/tuananh1602/opencv/build/CMakeFiles/CMakeTmp/src.cxx:1: warning: ignoring ‘#pragma  ’ [-Wunknown-pragmas]
    1 | #pragma
      | 
Linking CXX executable cmTC_36d34
/usr/bin/cmake -E cmake_link_script CMakeFiles/cmTC_36d34.dir/link.txt --verbose=1
/usr/bin/c++ -O3 -DNDEBUG CMakeFiles/cmTC_36d34.dir/src.cxx.o -o cmTC_36d34 
gmake[1]: Leaving directory '/home/tuananh1602/opencv/build/CMakeFiles/CMakeTmp'


===== END =====

Build output check failed:
    Regex: 'command[- ]line option .* is valid for .* but not for C\+\+'
    Output line: 'cc1plus: warning: command-line option ‘-Wstrict-prototypes’ is valid for C/ObjC but not for C++'
Compilation failed:
    source file: '/home/tuananh1602/opencv/build/CMakeFiles/CMakeTmp/src.cxx'
    check option: ' -fsigned-char -W -Wall -Werror=return-type -Werror=non-virtual-dtor -Werror=address -Werror=sequence-point -Wformat -Werror=format-security -Wmissing-declarations  -Wstrict-prototypes'
===== BUILD LOG =====
Change Dir: /home/tuananh1602/opencv/build/CMakeFiles/CMakeTmp

Run Build Command(s):/usr/bin/gmake cmTC_6a321/fast && /usr/bin/gmake  -f CMakeFiles/cmTC_6a321.dir/build.make CMakeFiles/cmTC_6a321.dir/build
gmake[1]: Entering directory '/home/tuananh1602/opencv/build/CMakeFiles/CMakeTmp'
Building CXX object CMakeFiles/cmTC_6a321.dir/src.cxx.o
/usr/bin/c++   -O3 -DNDEBUG -fPIE    -fsigned-char -W -Wall -Werror=return-type -Werror=non-virtual-dtor -Werror=address -Werror=sequence-point -Wformat -Werror=format-security -Wmissing-declarations  -Wstrict-prototypes -std=c++11 -o CMakeFiles/cmTC_6a321.dir/src.cxx.o -c /home/tuananh1602/opencv/build/CMakeFiles/CMakeTmp/src.cxx
cc1plus: warning: command-line option ‘-Wstrict-prototypes’ is valid for C/ObjC but not for C++
/home/tuananh1602/opencv/build/CMakeFiles/CMakeTmp/src.cxx:1: warning: ignoring ‘#pragma  ’ [-Wunknown-pragmas]
    1 | #pragma
      | 
Linking CXX executable cmTC_6a321
/usr/bin/cmake -E cmake_link_script CMakeFiles/cmTC_6a321.dir/link.txt --verbose=1
/usr/bin/c++ -O3 -DNDEBUG CMakeFiles/cmTC_6a321.dir/src.cxx.o -o cmTC_6a321 
gmake[1]: Leaving directory '/home/tuananh1602/opencv/build/CMakeFiles/CMakeTmp'


===== END =====

Build output check failed:
    Regex: 'command[- ]line option .* is valid for .* but not for C'
    Output line: 'cc1: warning: command-line option ‘-Wsign-promo’ is valid for C++/ObjC++ but not for C'
Compilation failed:
    source file: '/home/tuananh1602/opencv/build/CMakeFiles/CMakeTmp/src.c'
    check option: ' -fsigned-char -W -Wall -Werror=return-type -Werror=address -Werror=sequence-point -Wformat -Werror=format-security -Wmissing-declarations -Wmissing-prototypes -Wstrict-prototypes -Wundef -Winit-self -Wpointer-arith -Wshadow  -Wsign-promo'
===== BUILD LOG =====
Change Dir: /home/tuananh1602/opencv/build/CMakeFiles/CMakeTmp

Run Build Command(s):/usr/bin/gmake cmTC_9c3e0/fast && /usr/bin/gmake  -f CMakeFiles/cmTC_9c3e0.dir/build.make CMakeFiles/cmTC_9c3e0.dir/build
gmake[1]: Entering directory '/home/tuananh1602/opencv/build/CMakeFiles/CMakeTmp'
Building C object CMakeFiles/cmTC_9c3e0.dir/src.c.o
/usr/bin/cc   -O3 -DNDEBUG -fPIE    -fsigned-char -W -Wall -Werror=return-type -Werror=address -Werror=sequence-point -Wformat -Werror=format-security -Wmissing-declarations -Wmissing-prototypes -Wstrict-prototypes -Wundef -Winit-self -Wpointer-arith -Wshadow  -Wsign-promo -o CMakeFiles/cmTC_9c3e0.dir/src.c.o -c /home/tuananh1602/opencv/build/CMakeFiles/CMakeTmp/src.c
cc1: warning: command-line option ‘-Wsign-promo’ is valid for C++/ObjC++ but not for C
/home/tuananh1602/opencv/build/CMakeFiles/CMakeTmp/src.c:1: warning: ignoring ‘#pragma  ’ [-Wunknown-pragmas]
    1 | #pragma
      | 
Linking C executable cmTC_9c3e0
/usr/bin/cmake -E cmake_link_script CMakeFiles/cmTC_9c3e0.dir/link.txt --verbose=1
/usr/bin/cc -O3 -DNDEBUG CMakeFiles/cmTC_9c3e0.dir/src.c.o -o cmTC_9c3e0 
gmake[1]: Leaving directory '/home/tuananh1602/opencv/build/CMakeFiles/CMakeTmp'


===== END =====

Build output check failed:
    Regex: 'command[- ]line option .* is valid for .* but not for C'
    Output line: 'cc1: warning: command-line option ‘-Wsuggest-override’ is valid for C++/ObjC++ but not for C'
Compilation failed:
    source file: '/home/tuananh1602/opencv/build/CMakeFiles/CMakeTmp/src.c'
    check option: ' -fsigned-char -W -Wall -Werror=return-type -Werror=address -Werror=sequence-point -Wformat -Werror=format-security -Wmissing-declarations -Wmissing-prototypes -Wstrict-prototypes -Wundef -Winit-self -Wpointer-arith -Wshadow -Wuninitialized  -Wsuggest-override'
===== BUILD LOG =====
Change Dir: /home/tuananh1602/opencv/build/CMakeFiles/CMakeTmp

Run Build Command(s):/usr/bin/gmake cmTC_ad58d/fast && /usr/bin/gmake  -f CMakeFiles/cmTC_ad58d.dir/build.make CMakeFiles/cmTC_ad58d.dir/build
gmake[1]: Entering directory '/home/tuananh1602/opencv/build/CMakeFiles/CMakeTmp'
Building C object CMakeFiles/cmTC_ad58d.dir/src.c.o
/usr/bin/cc   -O3 -DNDEBUG -fPIE    -fsigned-char -W -Wall -Werror=return-type -Werror=address -Werror=sequence-point -Wformat -Werror=format-security -Wmissing-declarations -Wmissing-prototypes -Wstrict-prototypes -Wundef -Winit-self -Wpointer-arith -Wshadow -Wuninitialized  -Wsuggest-override -o CMakeFiles/cmTC_ad58d.dir/src.c.o -c /home/tuananh1602/opencv/build/CMakeFiles/CMakeTmp/src.c
cc1: warning: command-line option ‘-Wsuggest-override’ is valid for C++/ObjC++ but not for C
/home/tuananh1602/opencv/build/CMakeFiles/CMakeTmp/src.c:1: warning: ignoring ‘#pragma  ’ [-Wunknown-pragmas]
    1 | #pragma
      | 
Linking C executable cmTC_ad58d
/usr/bin/cmake -E cmake_link_script CMakeFiles/cmTC_ad58d.dir/link.txt --verbose=1
/usr/bin/cc -O3 -DNDEBUG CMakeFiles/cmTC_ad58d.dir/src.c.o -o cmTC_ad58d 
gmake[1]: Leaving directory '/home/tuananh1602/opencv/build/CMakeFiles/CMakeTmp'


===== END =====

Build output check failed:
    Regex: 'command[- ]line option .* is valid for .* but not for C'
    Output line: 'cc1: warning: command-line option ‘-Wno-delete-non-virtual-dtor’ is valid for C++/ObjC++ but not for C'
Compilation failed:
    source file: '/home/tuananh1602/opencv/build/CMakeFiles/CMakeTmp/src.c'
    check option: ' -fsigned-char -W -Wall -Werror=return-type -Werror=address -Werror=sequence-point -Wformat -Werror=format-security -Wmissing-declarations -Wmissing-prototypes -Wstrict-prototypes -Wundef -Winit-self -Wpointer-arith -Wshadow -Wuninitialized  -Wno-delete-non-virtual-dtor'
===== BUILD LOG =====
Change Dir: /home/tuananh1602/opencv/build/CMakeFiles/CMakeTmp

Run Build Command(s):/usr/bin/gmake cmTC_c487a/fast && /usr/bin/gmake  -f CMakeFiles/cmTC_c487a.dir/build.make CMakeFiles/cmTC_c487a.dir/build
gmake[1]: Entering directory '/home/tuananh1602/opencv/build/CMakeFiles/CMakeTmp'
Building C object CMakeFiles/cmTC_c487a.dir/src.c.o
/usr/bin/cc   -O3 -DNDEBUG -fPIE    -fsigned-char -W -Wall -Werror=return-type -Werror=address -Werror=sequence-point -Wformat -Werror=format-security -Wmissing-declarations -Wmissing-prototypes -Wstrict-prototypes -Wundef -Winit-self -Wpointer-arith -Wshadow -Wuninitialized  -Wno-delete-non-virtual-dtor -o CMakeFiles/cmTC_c487a.dir/src.c.o -c /home/tuananh1602/opencv/build/CMakeFiles/CMakeTmp/src.c
cc1: warning: command-line option ‘-Wno-delete-non-virtual-dtor’ is valid for C++/ObjC++ but not for C
/home/tuananh1602/opencv/build/CMakeFiles/CMakeTmp/src.c:1: warning: ignoring ‘#pragma  ’ [-Wunknown-pragmas]
    1 | #pragma
      | 
Linking C executable cmTC_c487a
/usr/bin/cmake -E cmake_link_script CMakeFiles/cmTC_c487a.dir/link.txt --verbose=1
/usr/bin/cc -O3 -DNDEBUG CMakeFiles/cmTC_c487a.dir/src.c.o -o cmTC_c487a 
gmake[1]: Leaving directory '/home/tuananh1602/opencv/build/CMakeFiles/CMakeTmp'


===== END =====

Build output check failed:
    Regex: 'unrecognized .*option'
    Output line: 'cc1plus: note: unrecognized command-line option ‘-Wno-unnamed-type-template-args’ may have been intended to silence earlier diagnostics'
Compilation failed:
    source file: '/home/tuananh1602/opencv/build/CMakeFiles/CMakeTmp/src.cxx'
    check option: ' -fsigned-char -W -Wall -Werror=return-type -Werror=non-virtual-dtor -Werror=address -Werror=sequence-point -Wformat -Werror=format-security -Wmissing-declarations -Wundef -Winit-self -Wpointer-arith -Wshadow -Wsign-promo -Wuninitialized -Wsuggest-override -Wno-delete-non-virtual-dtor  -Wno-unnamed-type-template-args'
===== BUILD LOG =====
Change Dir: /home/tuananh1602/opencv/build/CMakeFiles/CMakeTmp

Run Build Command(s):/usr/bin/gmake cmTC_db6fd/fast && /usr/bin/gmake  -f CMakeFiles/cmTC_db6fd.dir/build.make CMakeFiles/cmTC_db6fd.dir/build
gmake[1]: Entering directory '/home/tuananh1602/opencv/build/CMakeFiles/CMakeTmp'
Building CXX object CMakeFiles/cmTC_db6fd.dir/src.cxx.o
/usr/bin/c++   -O3 -DNDEBUG -fPIE    -fsigned-char -W -Wall -Werror=return-type -Werror=non-virtual-dtor -Werror=address -Werror=sequence-point -Wformat -Werror=format-security -Wmissing-declarations -Wundef -Winit-self -Wpointer-arith -Wshadow -Wsign-promo -Wuninitialized -Wsuggest-override -Wno-delete-non-virtual-dtor  -Wno-unnamed-type-template-args -std=c++11 -o CMakeFiles/cmTC_db6fd.dir/src.cxx.o -c /home/tuananh1602/opencv/build/CMakeFiles/CMakeTmp/src.cxx
/home/tuananh1602/opencv/build/CMakeFiles/CMakeTmp/src.cxx:1: warning: ignoring ‘#pragma  ’ [-Wunknown-pragmas]
    1 | #pragma
      | 
cc1plus: note: unrecognized command-line option ‘-Wno-unnamed-type-template-args’ may have been intended to silence earlier diagnostics
Linking CXX executable cmTC_db6fd
/usr/bin/cmake -E cmake_link_script CMakeFiles/cmTC_db6fd.dir/link.txt --verbose=1
/usr/bin/c++ -O3 -DNDEBUG CMakeFiles/cmTC_db6fd.dir/src.cxx.o -o cmTC_db6fd 
gmake[1]: Leaving directory '/home/tuananh1602/opencv/build/CMakeFiles/CMakeTmp'


===== END =====

Build output check failed:
    Regex: 'unrecognized .*option'
    Output line: 'cc1: note: unrecognized command-line option ‘-Wno-unnamed-type-template-args’ may have been intended to silence earlier diagnostics'
Compilation failed:
    source file: '/home/tuananh1602/opencv/build/CMakeFiles/CMakeTmp/src.c'
    check option: ' -fsigned-char -W -Wall -Werror=return-type -Werror=address -Werror=sequence-point -Wformat -Werror=format-security -Wmissing-declarations -Wmissing-prototypes -Wstrict-prototypes -Wundef -Winit-self -Wpointer-arith -Wshadow -Wuninitialized  -Wno-unnamed-type-template-args'
===== BUILD LOG =====
Change Dir: /home/tuananh1602/opencv/build/CMakeFiles/CMakeTmp

Run Build Command(s):/usr/bin/gmake cmTC_bb31d/fast && /usr/bin/gmake  -f CMakeFiles/cmTC_bb31d.dir/build.make CMakeFiles/cmTC_bb31d.dir/build
gmake[1]: Entering directory '/home/tuananh1602/opencv/build/CMakeFiles/CMakeTmp'
Building C object CMakeFiles/cmTC_bb31d.dir/src.c.o
/usr/bin/cc   -O3 -DNDEBUG -fPIE    -fsigned-char -W -Wall -Werror=return-type -Werror=address -Werror=sequence-point -Wformat -Werror=format-security -Wmissing-declarations -Wmissing-prototypes -Wstrict-prototypes -Wundef -Winit-self -Wpointer-arith -Wshadow -Wuninitialized  -Wno-unnamed-type-template-args -o CMakeFiles/cmTC_bb31d.dir/src.c.o -c /home/tuananh1602/opencv/build/CMakeFiles/CMakeTmp/src.c
/home/tuananh1602/opencv/build/CMakeFiles/CMakeTmp/src.c:1: warning: ignoring ‘#pragma  ’ [-Wunknown-pragmas]
    1 | #pragma
      | 
cc1: note: unrecognized command-line option ‘-Wno-unnamed-type-template-args’ may have been intended to silence earlier diagnostics
Linking C executable cmTC_bb31d
/usr/bin/cmake -E cmake_link_script CMakeFiles/cmTC_bb31d.dir/link.txt --verbose=1
/usr/bin/cc -O3 -DNDEBUG CMakeFiles/cmTC_bb31d.dir/src.c.o -o cmTC_bb31d 
gmake[1]: Leaving directory '/home/tuananh1602/opencv/build/CMakeFiles/CMakeTmp'


===== END =====

Build output check failed:
    Regex: 'command[- ]line option .* is valid for .* but not for C'
    Output line: 'cc1: warning: command-line option ‘-fvisibility-inlines-hidden’ is valid for C++/ObjC++ but not for C'
Compilation failed:
    source file: '/home/tuananh1602/opencv/build/CMakeFiles/CMakeTmp/src.c'
    check option: ' -fsigned-char -W -Wall -Werror=return-type -Werror=address -Werror=sequence-point -Wformat -Werror=format-security -Wmissing-declarations -Wmissing-prototypes -Wstrict-prototypes -Wundef -Winit-self -Wpointer-arith -Wshadow -Wuninitialized -Wno-comment -Wimplicit-fallthrough=3 -Wno-strict-overflow -fdiagnostics-show-option -pthread -fomit-frame-pointer -ffunction-sections -fdata-sections    -fvisibility=hidden  -fvisibility-inlines-hidden'
===== BUILD LOG =====
Change Dir: /home/tuananh1602/opencv/build/CMakeFiles/CMakeTmp

Run Build Command(s):/usr/bin/gmake cmTC_a2403/fast && /usr/bin/gmake  -f CMakeFiles/cmTC_a2403.dir/build.make CMakeFiles/cmTC_a2403.dir/build
gmake[1]: Entering directory '/home/tuananh1602/opencv/build/CMakeFiles/CMakeTmp'
Building C object CMakeFiles/cmTC_a2403.dir/src.c.o
/usr/bin/cc   -O3 -DNDEBUG -fPIE    -fsigned-char -W -Wall -Werror=return-type -Werror=address -Werror=sequence-point -Wformat -Werror=format-security -Wmissing-declarations -Wmissing-prototypes -Wstrict-prototypes -Wundef -Winit-self -Wpointer-arith -Wshadow -Wuninitialized -Wno-comment -Wimplicit-fallthrough=3 -Wno-strict-overflow -fdiagnostics-show-option -pthread -fomit-frame-pointer -ffunction-sections -fdata-sections    -fvisibility=hidden  -fvisibility-inlines-hidden -o CMakeFiles/cmTC_a2403.dir/src.c.o -c /home/tuananh1602/opencv/build/CMakeFiles/CMakeTmp/src.c
cc1: warning: command-line option ‘-fvisibility-inlines-hidden’ is valid for C++/ObjC++ but not for C
/home/tuananh1602/opencv/build/CMakeFiles/CMakeTmp/src.c:1: warning: ignoring ‘#pragma  ’ [-Wunknown-pragmas]
    1 | #pragma
      | 
Linking C executable cmTC_a2403
/usr/bin/cmake -E cmake_link_script CMakeFiles/cmTC_a2403.dir/link.txt --verbose=1
/usr/bin/cc -O3 -DNDEBUG CMakeFiles/cmTC_a2403.dir/src.c.o -o cmTC_a2403 
gmake[1]: Leaving directory '/home/tuananh1602/opencv/build/CMakeFiles/CMakeTmp'


===== END =====

Determining if the include file io.h exists failed with the following output:
Change Dir: /home/tuananh1602/opencv/build/CMakeFiles/CMakeTmp

Run Build Command(s):/usr/bin/gmake cmTC_14ed3/fast && /usr/bin/gmake  -f CMakeFiles/cmTC_14ed3.dir/build.make CMakeFiles/cmTC_14ed3.dir/build
gmake[1]: Entering directory '/home/tuananh1602/opencv/build/CMakeFiles/CMakeTmp'
Building C object CMakeFiles/cmTC_14ed3.dir/CheckIncludeFile.c.o
/usr/bin/cc   -fsigned-char -W -Wall -Werror=return-type -Werror=address -Werror=sequence-point -Wformat -Werror=format-security -Wmissing-declarations -Wmissing-prototypes -Wstrict-prototypes -Wundef -Winit-self -Wpointer-arith -Wshadow -Wuninitialized -Wno-comment -Wimplicit-fallthrough=3 -Wno-strict-overflow -fdiagnostics-show-option -pthread -fomit-frame-pointer -ffunction-sections -fdata-sections    -fvisibility=hidden -fopenmp  -O3 -DNDEBUG  -DNDEBUG -fPIE -o CMakeFiles/cmTC_14ed3.dir/CheckIncludeFile.c.o -c /home/tuananh1602/opencv/build/CMakeFiles/CMakeTmp/CheckIncludeFile.c
/home/tuananh1602/opencv/build/CMakeFiles/CMakeTmp/CheckIncludeFile.c:1:10: fatal error: io.h: No such file or directory
    1 | #include <io.h>
      |          ^~~~~~
compilation terminated.
gmake[1]: *** [CMakeFiles/cmTC_14ed3.dir/build.make:85: CMakeFiles/cmTC_14ed3.dir/CheckIncludeFile.c.o] Error 1
gmake[1]: Leaving directory '/home/tuananh1602/opencv/build/CMakeFiles/CMakeTmp'
gmake: *** [Makefile:140: cmTC_14ed3/fast] Error 2



Determining size of INT8 failed with the following output:
Change Dir: /home/tuananh1602/opencv/build/CMakeFiles/CMakeTmp

Run Build Command(s):/usr/bin/gmake cmTC_af23a/fast && /usr/bin/gmake  -f CMakeFiles/cmTC_af23a.dir/build.make CMakeFiles/cmTC_af23a.dir/build
gmake[1]: Entering directory '/home/tuananh1602/opencv/build/CMakeFiles/CMakeTmp'
Building C object CMakeFiles/cmTC_af23a.dir/int8.c.o
/usr/bin/cc   -fsigned-char -W -Wall -Werror=return-type -Werror=address -Werror=sequence-point -Wformat -Werror=format-security -Wmissing-declarations -Wmissing-prototypes -Wstrict-prototypes -Wundef -Winit-self -Wpointer-arith -Wshadow -Wuninitialized -Wno-comment -Wimplicit-fallthrough=3 -Wno-strict-overflow -fdiagnostics-show-option -pthread -fomit-frame-pointer -ffunction-sections -fdata-sections    -fvisibility=hidden -fopenmp  -O3 -DNDEBUG  -DNDEBUG -fPIE -o CMakeFiles/cmTC_af23a.dir/int8.c.o -c /home/tuananh1602/opencv/build/CMakeFiles/CheckTypeSize/int8.c
/home/tuananh1602/opencv/build/CMakeFiles/CheckTypeSize/int8.c:27:22: error: ‘INT8’ undeclared here (not in a function); did you mean ‘INT8_C’?
   27 | #define SIZE (sizeof(INT8))
      |                      ^~~~
/home/tuananh1602/opencv/build/CMakeFiles/CheckTypeSize/int8.c:29:12: note: in expansion of macro ‘SIZE’
   29 |   ('0' + ((SIZE / 10000)%10)),
      |            ^~~~
gmake[1]: *** [CMakeFiles/cmTC_af23a.dir/build.make:85: CMakeFiles/cmTC_af23a.dir/int8.c.o] Error 1
gmake[1]: Leaving directory '/home/tuananh1602/opencv/build/CMakeFiles/CMakeTmp'
gmake: *** [Makefile:140: cmTC_af23a/fast] Error 2


/home/tuananh1602/opencv/build/CMakeFiles/CheckTypeSize/int8.c:
#include <sys/types.h>
#include <stdint.h>
#include <stddef.h>


#undef KEY
#if defined(__i386)
# define KEY '_','_','i','3','8','6'
#elif defined(__x86_64)
# define KEY '_','_','x','8','6','_','6','4'
#elif defined(__PPC64__)
# define KEY '_','_','P','P','C','6','4','_','_'
#elif defined(__ppc64__)
# define KEY '_','_','p','p','c','6','4','_','_'
#elif defined(__PPC__)
# define KEY '_','_','P','P','C','_','_'
#elif defined(__ppc__)
# define KEY '_','_','p','p','c','_','_'
#elif defined(__aarch64__)
# define KEY '_','_','a','a','r','c','h','6','4','_','_'
#elif defined(__ARM_ARCH_7A__)
# define KEY '_','_','A','R','M','_','A','R','C','H','_','7','A','_','_'
#elif defined(__ARM_ARCH_7S__)
# define KEY '_','_','A','R','M','_','A','R','C','H','_','7','S','_','_'
#endif

#define SIZE (sizeof(INT8))
static char info_size[] =  {'I', 'N', 'F', 'O', ':', 's','i','z','e','[',
  ('0' + ((SIZE / 10000)%10)),
  ('0' + ((SIZE / 1000)%10)),
  ('0' + ((SIZE / 100)%10)),
  ('0' + ((SIZE / 10)%10)),
  ('0' +  (SIZE    % 10)),
  ']',
#ifdef KEY
  ' ','k','e','y','[', KEY, ']',
#endif
  '\0'};

#ifdef __CLASSIC_C__
int main(argc, argv) int argc; char *argv[];
#else
int main(int argc, char *argv[])
#endif
{
  int require = 0;
  require += info_size[argc];
  (void)argv;
  return require;
}


Determining size of INT16 failed with the following output:
Change Dir: /home/tuananh1602/opencv/build/CMakeFiles/CMakeTmp

Run Build Command(s):/usr/bin/gmake cmTC_f9dcd/fast && /usr/bin/gmake  -f CMakeFiles/cmTC_f9dcd.dir/build.make CMakeFiles/cmTC_f9dcd.dir/build
gmake[1]: Entering directory '/home/tuananh1602/opencv/build/CMakeFiles/CMakeTmp'
Building C object CMakeFiles/cmTC_f9dcd.dir/int16.c.o
/usr/bin/cc   -fsigned-char -W -Wall -Werror=return-type -Werror=address -Werror=sequence-point -Wformat -Werror=format-security -Wmissing-declarations -Wmissing-prototypes -Wstrict-prototypes -Wundef -Winit-self -Wpointer-arith -Wshadow -Wuninitialized -Wno-comment -Wimplicit-fallthrough=3 -Wno-strict-overflow -fdiagnostics-show-option -pthread -fomit-frame-pointer -ffunction-sections -fdata-sections    -fvisibility=hidden -fopenmp  -O3 -DNDEBUG  -DNDEBUG -fPIE -o CMakeFiles/cmTC_f9dcd.dir/int16.c.o -c /home/tuananh1602/opencv/build/CMakeFiles/CheckTypeSize/int16.c
/home/tuananh1602/opencv/build/CMakeFiles/CheckTypeSize/int16.c:27:22: error: ‘INT16’ undeclared here (not in a function); did you mean ‘INT16_C’?
   27 | #define SIZE (sizeof(INT16))
      |                      ^~~~~
/home/tuananh1602/opencv/build/CMakeFiles/CheckTypeSize/int16.c:29:12: note: in expansion of macro ‘SIZE’
   29 |   ('0' + ((SIZE / 10000)%10)),
      |            ^~~~
gmake[1]: *** [CMakeFiles/cmTC_f9dcd.dir/build.make:85: CMakeFiles/cmTC_f9dcd.dir/int16.c.o] Error 1
gmake[1]: Leaving directory '/home/tuananh1602/opencv/build/CMakeFiles/CMakeTmp'
gmake: *** [Makefile:140: cmTC_f9dcd/fast] Error 2


/home/tuananh1602/opencv/build/CMakeFiles/CheckTypeSize/int16.c:
#include <sys/types.h>
#include <stdint.h>
#include <stddef.h>


#undef KEY
#if defined(__i386)
# define KEY '_','_','i','3','8','6'
#elif defined(__x86_64)
# define KEY '_','_','x','8','6','_','6','4'
#elif defined(__PPC64__)
# define KEY '_','_','P','P','C','6','4','_','_'
#elif defined(__ppc64__)
# define KEY '_','_','p','p','c','6','4','_','_'
#elif defined(__PPC__)
# define KEY '_','_','P','P','C','_','_'
#elif defined(__ppc__)
# define KEY '_','_','p','p','c','_','_'
#elif defined(__aarch64__)
# define KEY '_','_','a','a','r','c','h','6','4','_','_'
#elif defined(__ARM_ARCH_7A__)
# define KEY '_','_','A','R','M','_','A','R','C','H','_','7','A','_','_'
#elif defined(__ARM_ARCH_7S__)
# define KEY '_','_','A','R','M','_','A','R','C','H','_','7','S','_','_'
#endif

#define SIZE (sizeof(INT16))
static char info_size[] =  {'I', 'N', 'F', 'O', ':', 's','i','z','e','[',
  ('0' + ((SIZE / 10000)%10)),
  ('0' + ((SIZE / 1000)%10)),
  ('0' + ((SIZE / 100)%10)),
  ('0' + ((SIZE / 10)%10)),
  ('0' +  (SIZE    % 10)),
  ']',
#ifdef KEY
  ' ','k','e','y','[', KEY, ']',
#endif
  '\0'};

#ifdef __CLASSIC_C__
int main(argc, argv) int argc; char *argv[];
#else
int main(int argc, char *argv[])
#endif
{
  int require = 0;
  require += info_size[argc];
  (void)argv;
  return require;
}


Determining size of INT32 failed with the following output:
Change Dir: /home/tuananh1602/opencv/build/CMakeFiles/CMakeTmp

Run Build Command(s):/usr/bin/gmake cmTC_50b71/fast && /usr/bin/gmake  -f CMakeFiles/cmTC_50b71.dir/build.make CMakeFiles/cmTC_50b71.dir/build
gmake[1]: Entering directory '/home/tuananh1602/opencv/build/CMakeFiles/CMakeTmp'
Building C object CMakeFiles/cmTC_50b71.dir/int32.c.o
/usr/bin/cc   -fsigned-char -W -Wall -Werror=return-type -Werror=address -Werror=sequence-point -Wformat -Werror=format-security -Wmissing-declarations -Wmissing-prototypes -Wstrict-prototypes -Wundef -Winit-self -Wpointer-arith -Wshadow -Wuninitialized -Wno-comment -Wimplicit-fallthrough=3 -Wno-strict-overflow -fdiagnostics-show-option -pthread -fomit-frame-pointer -ffunction-sections -fdata-sections    -fvisibility=hidden -fopenmp  -O3 -DNDEBUG  -DNDEBUG -fPIE -o CMakeFiles/cmTC_50b71.dir/int32.c.o -c /home/tuananh1602/opencv/build/CMakeFiles/CheckTypeSize/int32.c
/home/tuananh1602/opencv/build/CMakeFiles/CheckTypeSize/int32.c:27:22: error: ‘INT32’ undeclared here (not in a function); did you mean ‘INT32_C’?
   27 | #define SIZE (sizeof(INT32))
      |                      ^~~~~
/home/tuananh1602/opencv/build/CMakeFiles/CheckTypeSize/int32.c:29:12: note: in expansion of macro ‘SIZE’
   29 |   ('0' + ((SIZE / 10000)%10)),
      |            ^~~~
gmake[1]: *** [CMakeFiles/cmTC_50b71.dir/build.make:85: CMakeFiles/cmTC_50b71.dir/int32.c.o] Error 1
gmake[1]: Leaving directory '/home/tuananh1602/opencv/build/CMakeFiles/CMakeTmp'
gmake: *** [Makefile:140: cmTC_50b71/fast] Error 2


/home/tuananh1602/opencv/build/CMakeFiles/CheckTypeSize/int32.c:
#include <sys/types.h>
#include <stdint.h>
#include <stddef.h>


#undef KEY
#if defined(__i386)
# define KEY '_','_','i','3','8','6'
#elif defined(__x86_64)
# define KEY '_','_','x','8','6','_','6','4'
#elif defined(__PPC64__)
# define KEY '_','_','P','P','C','6','4','_','_'
#elif defined(__ppc64__)
# define KEY '_','_','p','p','c','6','4','_','_'
#elif defined(__PPC__)
# define KEY '_','_','P','P','C','_','_'
#elif defined(__ppc__)
# define KEY '_','_','p','p','c','_','_'
#elif defined(__aarch64__)
# define KEY '_','_','a','a','r','c','h','6','4','_','_'
#elif defined(__ARM_ARCH_7A__)
# define KEY '_','_','A','R','M','_','A','R','C','H','_','7','A','_','_'
#elif defined(__ARM_ARCH_7S__)
# define KEY '_','_','A','R','M','_','A','R','C','H','_','7','S','_','_'
#endif

#define SIZE (sizeof(INT32))
static char info_size[] =  {'I', 'N', 'F', 'O', ':', 's','i','z','e','[',
  ('0' + ((SIZE / 10000)%10)),
  ('0' + ((SIZE / 1000)%10)),
  ('0' + ((SIZE / 100)%10)),
  ('0' + ((SIZE / 10)%10)),
  ('0' +  (SIZE    % 10)),
  ']',
#ifdef KEY
  ' ','k','e','y','[', KEY, ']',
#endif
  '\0'};

#ifdef __CLASSIC_C__
int main(argc, argv) int argc; char *argv[];
#else
int main(int argc, char *argv[])
#endif
{
  int require = 0;
  require += info_size[argc];
  (void)argv;
  return require;
}


Determining if the function setmode exists failed with the following output:
Change Dir: /home/tuananh1602/opencv/build/CMakeFiles/CMakeTmp

Run Build Command(s):/usr/bin/gmake cmTC_e908c/fast && /usr/bin/gmake  -f CMakeFiles/cmTC_e908c.dir/build.make CMakeFiles/cmTC_e908c.dir/build
gmake[1]: Entering directory '/home/tuananh1602/opencv/build/CMakeFiles/CMakeTmp'
Building C object CMakeFiles/cmTC_e908c.dir/CheckFunctionExists.c.o
/usr/bin/cc   -fsigned-char -W -Wall -Werror=return-type -Werror=address -Werror=sequence-point -Wformat -Werror=format-security -Wmissing-declarations -Wmissing-prototypes -Wstrict-prototypes -Wundef -Winit-self -Wpointer-arith -Wshadow -Wuninitialized -Wno-comment -Wimplicit-fallthrough=3 -Wno-strict-overflow -fdiagnostics-show-option -pthread -fomit-frame-pointer -ffunction-sections -fdata-sections    -fvisibility=hidden -fopenmp -DCHECK_FUNCTION_EXISTS=setmode -O3 -DNDEBUG  -DNDEBUG -fPIE -o CMakeFiles/cmTC_e908c.dir/CheckFunctionExists.c.o -c /usr/share/cmake-3.18/Modules/CheckFunctionExists.c
Linking C executable cmTC_e908c
/usr/bin/cmake -E cmake_link_script CMakeFiles/cmTC_e908c.dir/link.txt --verbose=1
/usr/bin/cc    -fsigned-char -W -Wall -Werror=return-type -Werror=address -Werror=sequence-point -Wformat -Werror=format-security -Wmissing-declarations -Wmissing-prototypes -Wstrict-prototypes -Wundef -Winit-self -Wpointer-arith -Wshadow -Wuninitialized -Wno-comment -Wimplicit-fallthrough=3 -Wno-strict-overflow -fdiagnostics-show-option -pthread -fomit-frame-pointer -ffunction-sections -fdata-sections    -fvisibility=hidden -fopenmp -DCHECK_FUNCTION_EXISTS=setmode -O3 -DNDEBUG  -DNDEBUG   -Wl,--gc-sections -Wl,--as-needed  CMakeFiles/cmTC_e908c.dir/CheckFunctionExists.c.o -o cmTC_e908c 
/usr/bin/ld: CMakeFiles/cmTC_e908c.dir/CheckFunctionExists.c.o: in function `main':
CheckFunctionExists.c:(.text.startup.main+0x10): undefined reference to `setmode'
collect2: error: ld returned 1 exit status
gmake[1]: *** [CMakeFiles/cmTC_e908c.dir/build.make:106: cmTC_e908c] Error 1
gmake[1]: Leaving directory '/home/tuananh1602/opencv/build/CMakeFiles/CMakeTmp'
gmake: *** [Makefile:140: cmTC_e908c/fast] Error 2



Build output check failed:
    Regex: 'command[- ]line option .* is valid for .* but not for C\+\+'
    Output line: 'cc1plus: warning: command-line option ‘-Wno-missing-prototypes’ is valid for C/ObjC but not for C++'
Compilation failed:
    source file: '/home/tuananh1602/opencv/build/CMakeFiles/CMakeTmp/src.cxx'
    check option: ' -Wno-missing-prototypes'
===== BUILD LOG =====
Change Dir: /home/tuananh1602/opencv/build/CMakeFiles/CMakeTmp

Run Build Command(s):/usr/bin/gmake cmTC_bd9a1/fast && /usr/bin/gmake  -f CMakeFiles/cmTC_bd9a1.dir/build.make CMakeFiles/cmTC_bd9a1.dir/build
gmake[1]: Entering directory '/home/tuananh1602/opencv/build/CMakeFiles/CMakeTmp'
Building CXX object CMakeFiles/cmTC_bd9a1.dir/src.cxx.o
/usr/bin/c++   -fsigned-char -W -Wall -Werror=return-type -Werror=non-virtual-dtor -Werror=address -Werror=sequence-point -Wformat -Werror=format-security -Wundef -Winit-self -Wpointer-arith -Wshadow -Wsign-promo -Wuninitialized -Wsuggest-override -Wno-delete-non-virtual-dtor -Wno-comment -Wimplicit-fallthrough=3 -Wno-strict-overflow -fdiagnostics-show-option -pthread -fomit-frame-pointer -ffunction-sections -fdata-sections    -fvisibility=hidden -fvisibility-inlines-hidden -fopenmp -Wno-missing-declarations -Wno-unused-parameter  -O3 -DNDEBUG  -DNDEBUG -fPIE    -Wno-missing-prototypes -std=c++11 -o CMakeFiles/cmTC_bd9a1.dir/src.cxx.o -c /home/tuananh1602/opencv/build/CMakeFiles/CMakeTmp/src.cxx
cc1plus: warning: command-line option ‘-Wno-missing-prototypes’ is valid for C/ObjC but not for C++
/home/tuananh1602/opencv/build/CMakeFiles/CMakeTmp/src.cxx:1: warning: ignoring ‘#pragma  ’ [-Wunknown-pragmas]
    1 | #pragma
      | 
Linking CXX executable cmTC_bd9a1
/usr/bin/cmake -E cmake_link_script CMakeFiles/cmTC_bd9a1.dir/link.txt --verbose=1
/usr/bin/c++    -fsigned-char -W -Wall -Werror=return-type -Werror=non-virtual-dtor -Werror=address -Werror=sequence-point -Wformat -Werror=format-security -Wundef -Winit-self -Wpointer-arith -Wshadow -Wsign-promo -Wuninitialized -Wsuggest-override -Wno-delete-non-virtual-dtor -Wno-comment -Wimplicit-fallthrough=3 -Wno-strict-overflow -fdiagnostics-show-option -pthread -fomit-frame-pointer -ffunction-sections -fdata-sections    -fvisibility=hidden -fvisibility-inlines-hidden -fopenmp -Wno-missing-declarations -Wno-unused-parameter  -O3 -DNDEBUG  -DNDEBUG   -Wl,--gc-sections -Wl,--as-needed  CMakeFiles/cmTC_bd9a1.dir/src.cxx.o -o cmTC_bd9a1 
gmake[1]: Leaving directory '/home/tuananh1602/opencv/build/CMakeFiles/CMakeTmp'


===== END =====

Build output check failed:
    Regex: 'unrecognized .*option'
    Output line: 'cc1: note: unrecognized command-line option ‘-Wno-implicit-const-int-float-conversion’ may have been intended to silence earlier diagnostics'
Compilation failed:
    source file: '/home/tuananh1602/opencv/build/CMakeFiles/CMakeTmp/src.c'
    check option: ' -Wno-implicit-const-int-float-conversion'
===== BUILD LOG =====
Change Dir: /home/tuananh1602/opencv/build/CMakeFiles/CMakeTmp

Run Build Command(s):/usr/bin/gmake cmTC_26167/fast && /usr/bin/gmake  -f CMakeFiles/cmTC_26167.dir/build.make CMakeFiles/cmTC_26167.dir/build
gmake[1]: Entering directory '/home/tuananh1602/opencv/build/CMakeFiles/CMakeTmp'
Building C object CMakeFiles/cmTC_26167.dir/src.c.o
/usr/bin/cc   -fsigned-char -W -Wall -Werror=return-type -Werror=address -Werror=sequence-point -Wformat -Werror=format-security -Wmissing-declarations -Wmissing-prototypes -Wstrict-prototypes -Wundef -Winit-self -Wpointer-arith -Wshadow -Wuninitialized -Wno-comment -Wimplicit-fallthrough=3 -Wno-strict-overflow -fdiagnostics-show-option -pthread -fomit-frame-pointer -ffunction-sections -fdata-sections    -fvisibility=hidden -fopenmp  -O3 -DNDEBUG  -DNDEBUG -fPIE    -Wno-implicit-const-int-float-conversion -o CMakeFiles/cmTC_26167.dir/src.c.o -c /home/tuananh1602/opencv/build/CMakeFiles/CMakeTmp/src.c
/home/tuananh1602/opencv/build/CMakeFiles/CMakeTmp/src.c:1: warning: ignoring ‘#pragma  ’ [-Wunknown-pragmas]
    1 | #pragma
      | 
cc1: note: unrecognized command-line option ‘-Wno-implicit-const-int-float-conversion’ may have been intended to silence earlier diagnostics
Linking C executable cmTC_26167
/usr/bin/cmake -E cmake_link_script CMakeFiles/cmTC_26167.dir/link.txt --verbose=1
/usr/bin/cc    -fsigned-char -W -Wall -Werror=return-type -Werror=address -Werror=sequence-point -Wformat -Werror=format-security -Wmissing-declarations -Wmissing-prototypes -Wstrict-prototypes -Wundef -Winit-self -Wpointer-arith -Wshadow -Wuninitialized -Wno-comment -Wimplicit-fallthrough=3 -Wno-strict-overflow -fdiagnostics-show-option -pthread -fomit-frame-pointer -ffunction-sections -fdata-sections    -fvisibility=hidden -fopenmp  -O3 -DNDEBUG  -DNDEBUG   -Wl,--gc-sections -Wl,--as-needed  CMakeFiles/cmTC_26167.dir/src.c.o -o cmTC_26167 
gmake[1]: Leaving directory '/home/tuananh1602/opencv/build/CMakeFiles/CMakeTmp'


===== END =====

Determining if the _aligned_malloc exist failed with the following output:
Change Dir: /home/tuananh1602/opencv/build/CMakeFiles/CMakeTmp

Run Build Command(s):/usr/bin/gmake cmTC_d89a7/fast && /usr/bin/gmake  -f CMakeFiles/cmTC_d89a7.dir/build.make CMakeFiles/cmTC_d89a7.dir/build
gmake[1]: Entering directory '/home/tuananh1602/opencv/build/CMakeFiles/CMakeTmp'
Building C object CMakeFiles/cmTC_d89a7.dir/CheckSymbolExists.c.o
/usr/bin/cc   -fsigned-char -W -Wall -Werror=return-type -Werror=address -Werror=sequence-point -Wformat -Werror=format-security -Wmissing-declarations -Wmissing-prototypes -Wstrict-prototypes -Wundef -Winit-self -Wpointer-arith -Wshadow -Wuninitialized -Wno-comment -Wimplicit-fallthrough=3 -Wno-strict-overflow -fdiagnostics-show-option -pthread -fomit-frame-pointer -ffunction-sections -fdata-sections    -fvisibility=hidden -fopenmp  -O3 -DNDEBUG  -DNDEBUG -fPIE -o CMakeFiles/cmTC_d89a7.dir/CheckSymbolExists.c.o -c /home/tuananh1602/opencv/build/CMakeFiles/CMakeTmp/CheckSymbolExists.c
/home/tuananh1602/opencv/build/CMakeFiles/CMakeTmp/CheckSymbolExists.c: In function ‘main’:
/home/tuananh1602/opencv/build/CMakeFiles/CMakeTmp/CheckSymbolExists.c:8:19: error: ‘_aligned_malloc’ undeclared (first use in this function)
    8 |   return ((int*)(&_aligned_malloc))[argc];
      |                   ^~~~~~~~~~~~~~~
/home/tuananh1602/opencv/build/CMakeFiles/CMakeTmp/CheckSymbolExists.c:8:19: note: each undeclared identifier is reported only once for each function it appears in
/home/tuananh1602/opencv/build/CMakeFiles/CMakeTmp/CheckSymbolExists.c:4:14: warning: parameter ‘argc’ set but not used [-Wunused-but-set-parameter]
    4 | int main(int argc, char** argv)
      |          ~~~~^~~~
gmake[1]: *** [CMakeFiles/cmTC_d89a7.dir/build.make:85: CMakeFiles/cmTC_d89a7.dir/CheckSymbolExists.c.o] Error 1
gmake[1]: Leaving directory '/home/tuananh1602/opencv/build/CMakeFiles/CMakeTmp'
gmake: *** [Makefile:140: cmTC_d89a7/fast] Error 2


File /home/tuananh1602/opencv/build/CMakeFiles/CMakeTmp/CheckSymbolExists.c:
/* */
#include <malloc.h>

int main(int argc, char** argv)
{
  (void)argv;
#ifndef _aligned_malloc
  return ((int*)(&_aligned_malloc))[argc];
#else
  (void)argc;
  return 0;
#endif
}
Build output check failed:
    Regex: 'unrecognized .*option'
    Output line: 'cc1plus: note: unrecognized command-line option ‘-Wno-inconsistent-missing-override’ may have been intended to silence earlier diagnostics'
Compilation failed:
    source file: '/home/tuananh1602/opencv/build/CMakeFiles/CMakeTmp/src.cxx'
    check option: ' -Wno-inconsistent-missing-override'
===== BUILD LOG =====
Change Dir: /home/tuananh1602/opencv/build/CMakeFiles/CMakeTmp

Run Build Command(s):/usr/bin/gmake cmTC_8a5f0/fast && /usr/bin/gmake  -f CMakeFiles/cmTC_8a5f0.dir/build.make CMakeFiles/cmTC_8a5f0.dir/build
gmake[1]: Entering directory '/home/tuananh1602/opencv/build/CMakeFiles/CMakeTmp'
Building CXX object CMakeFiles/cmTC_8a5f0.dir/src.cxx.o
/usr/bin/c++   -fsigned-char -W -Wall -Werror=return-type -Werror=non-virtual-dtor -Werror=address -Werror=sequence-point -Wformat -Werror=format-security -Winit-self -Wpointer-arith -Wsign-promo -Wno-delete-non-virtual-dtor -Wno-comment -Wimplicit-fallthrough=3 -Wno-strict-overflow -fdiagnostics-show-option -pthread -fomit-frame-pointer -ffunction-sections -fdata-sections    -fvisibility=hidden -fvisibility-inlines-hidden -fopenmp -Wno-shadow -Wno-unused -Wno-sign-compare -Wno-undef -Wno-missing-declarations -Wno-uninitialized -Wno-switch -Wno-parentheses -Wno-array-bounds -Wno-extra -Wno-deprecated-declarations -Wno-misleading-indentation -Wno-deprecated -Wno-suggest-override  -O3 -DNDEBUG  -DNDEBUG -fPIE    -Wno-inconsistent-missing-override -std=c++11 -o CMakeFiles/cmTC_8a5f0.dir/src.cxx.o -c /home/tuananh1602/opencv/build/CMakeFiles/CMakeTmp/src.cxx
/home/tuananh1602/opencv/build/CMakeFiles/CMakeTmp/src.cxx:1: warning: ignoring ‘#pragma  ’ [-Wunknown-pragmas]
    1 | #pragma
      | 
cc1plus: note: unrecognized command-line option ‘-Wno-inconsistent-missing-override’ may have been intended to silence earlier diagnostics
Linking CXX executable cmTC_8a5f0
/usr/bin/cmake -E cmake_link_script CMakeFiles/cmTC_8a5f0.dir/link.txt --verbose=1
/usr/bin/c++    -fsigned-char -W -Wall -Werror=return-type -Werror=non-virtual-dtor -Werror=address -Werror=sequence-point -Wformat -Werror=format-security -Winit-self -Wpointer-arith -Wsign-promo -Wno-delete-non-virtual-dtor -Wno-comment -Wimplicit-fallthrough=3 -Wno-strict-overflow -fdiagnostics-show-option -pthread -fomit-frame-pointer -ffunction-sections -fdata-sections    -fvisibility=hidden -fvisibility-inlines-hidden -fopenmp -Wno-shadow -Wno-unused -Wno-sign-compare -Wno-undef -Wno-missing-declarations -Wno-uninitialized -Wno-switch -Wno-parentheses -Wno-array-bounds -Wno-extra -Wno-deprecated-declarations -Wno-misleading-indentation -Wno-deprecated -Wno-suggest-override  -O3 -DNDEBUG  -DNDEBUG   -Wl,--gc-sections -Wl,--as-needed  CMakeFiles/cmTC_8a5f0.dir/src.cxx.o -o cmTC_8a5f0 
gmake[1]: Leaving directory '/home/tuananh1602/opencv/build/CMakeFiles/CMakeTmp'


===== END =====

Build output check failed:
    Regex: 'unrecognized .*option'
    Output line: 'cc1plus: note: unrecognized command-line option ‘-Wno-implicit-const-int-float-conversion’ may have been intended to silence earlier diagnostics'
Compilation failed:
    source file: '/home/tuananh1602/opencv/build/CMakeFiles/CMakeTmp/src.cxx'
    check option: ' -Wno-implicit-const-int-float-conversion'
===== BUILD LOG =====
Change Dir: /home/tuananh1602/opencv/build/CMakeFiles/CMakeTmp

Run Build Command(s):/usr/bin/gmake cmTC_e6d3c/fast && /usr/bin/gmake  -f CMakeFiles/cmTC_e6d3c.dir/build.make CMakeFiles/cmTC_e6d3c.dir/build
gmake[1]: Entering directory '/home/tuananh1602/opencv/build/CMakeFiles/CMakeTmp'
Building CXX object CMakeFiles/cmTC_e6d3c.dir/src.cxx.o
/usr/bin/c++   -fsigned-char -W -Wall -Werror=return-type -Werror=non-virtual-dtor -Werror=address -Werror=sequence-point -Wformat -Werror=format-security -Winit-self -Wpointer-arith -Wsign-promo -Wno-delete-non-virtual-dtor -Wno-comment -Wno-strict-overflow -fdiagnostics-show-option -pthread -fomit-frame-pointer -ffunction-sections -fdata-sections    -fvisibility=hidden -fvisibility-inlines-hidden -fopenmp -Wno-shadow -Wno-unused -Wno-sign-compare -Wno-undef -Wno-missing-declarations -Wno-uninitialized -Wno-switch -Wno-parentheses -Wno-array-bounds -Wno-extra -Wno-deprecated-declarations -Wno-misleading-indentation -Wno-deprecated -Wno-suggest-override -Wno-implicit-fallthrough -Wno-tautological-compare -Wno-reorder -Wno-unused-result  -O3 -DNDEBUG  -DNDEBUG -fPIE    -Wno-implicit-const-int-float-conversion -std=c++11 -o CMakeFiles/cmTC_e6d3c.dir/src.cxx.o -c /home/tuananh1602/opencv/build/CMakeFiles/CMakeTmp/src.cxx
/home/tuananh1602/opencv/build/CMakeFiles/CMakeTmp/src.cxx:1: warning: ignoring ‘#pragma  ’ [-Wunknown-pragmas]
    1 | #pragma
      | 
cc1plus: note: unrecognized command-line option ‘-Wno-implicit-const-int-float-conversion’ may have been intended to silence earlier diagnostics
Linking CXX executable cmTC_e6d3c
/usr/bin/cmake -E cmake_link_script CMakeFiles/cmTC_e6d3c.dir/link.txt --verbose=1
/usr/bin/c++    -fsigned-char -W -Wall -Werror=return-type -Werror=non-virtual-dtor -Werror=address -Werror=sequence-point -Wformat -Werror=format-security -Winit-self -Wpointer-arith -Wsign-promo -Wno-delete-non-virtual-dtor -Wno-comment -Wno-strict-overflow -fdiagnostics-show-option -pthread -fomit-frame-pointer -ffunction-sections -fdata-sections    -fvisibility=hidden -fvisibility-inlines-hidden -fopenmp -Wno-shadow -Wno-unused -Wno-sign-compare -Wno-undef -Wno-missing-declarations -Wno-uninitialized -Wno-switch -Wno-parentheses -Wno-array-bounds -Wno-extra -Wno-deprecated-declarations -Wno-misleading-indentation -Wno-deprecated -Wno-suggest-override -Wno-implicit-fallthrough -Wno-tautological-compare -Wno-reorder -Wno-unused-result  -O3 -DNDEBUG  -DNDEBUG   -Wl,--gc-sections -Wl,--as-needed  CMakeFiles/cmTC_e6d3c.dir/src.cxx.o -o cmTC_e6d3c 
gmake[1]: Leaving directory '/home/tuananh1602/opencv/build/CMakeFiles/CMakeTmp'


===== END =====

Determining if the function sgemm_ exists failed with the following output:
Change Dir: /home/tuananh1602/opencv/build/CMakeFiles/CMakeTmp

Run Build Command(s):/usr/bin/gmake cmTC_15062/fast && /usr/bin/gmake  -f CMakeFiles/cmTC_15062.dir/build.make CMakeFiles/cmTC_15062.dir/build
gmake[1]: Entering directory '/home/tuananh1602/opencv/build/CMakeFiles/CMakeTmp'
Building C object CMakeFiles/cmTC_15062.dir/CheckFunctionExists.c.o
/usr/bin/cc   -fsigned-char -W -Wall -Werror=return-type -Werror=address -Werror=sequence-point -Wformat -Werror=format-security -Wmissing-declarations -Wmissing-prototypes -Wstrict-prototypes -Wundef -Winit-self -Wpointer-arith -Wshadow -Wuninitialized -Wno-comment -Wimplicit-fallthrough=3 -Wno-strict-overflow -fdiagnostics-show-option -pthread -fomit-frame-pointer -ffunction-sections -fdata-sections    -fvisibility=hidden -fopenmp -DCHECK_FUNCTION_EXISTS=sgemm_ -O3 -DNDEBUG  -DNDEBUG -fPIE -o CMakeFiles/cmTC_15062.dir/CheckFunctionExists.c.o -c /usr/share/cmake-3.18/Modules/CheckFunctionExists.c
Linking C executable cmTC_15062
/usr/bin/cmake -E cmake_link_script CMakeFiles/cmTC_15062.dir/link.txt --verbose=1
/usr/bin/cc    -fsigned-char -W -Wall -Werror=return-type -Werror=address -Werror=sequence-point -Wformat -Werror=format-security -Wmissing-declarations -Wmissing-prototypes -Wstrict-prototypes -Wundef -Winit-self -Wpointer-arith -Wshadow -Wuninitialized -Wno-comment -Wimplicit-fallthrough=3 -Wno-strict-overflow -fdiagnostics-show-option -pthread -fomit-frame-pointer -ffunction-sections -fdata-sections    -fvisibility=hidden -fopenmp -DCHECK_FUNCTION_EXISTS=sgemm_ -O3 -DNDEBUG  -DNDEBUG   -Wl,--gc-sections -Wl,--as-needed  CMakeFiles/cmTC_15062.dir/CheckFunctionExists.c.o -o cmTC_15062 
/usr/bin/ld: CMakeFiles/cmTC_15062.dir/CheckFunctionExists.c.o: in function `main':
CheckFunctionExists.c:(.text.startup.main+0x10): undefined reference to `sgemm_'
collect2: error: ld returned 1 exit status
gmake[1]: *** [CMakeFiles/cmTC_15062.dir/build.make:106: cmTC_15062] Error 1
gmake[1]: Leaving directory '/home/tuananh1602/opencv/build/CMakeFiles/CMakeTmp'
gmake: *** [Makefile:140: cmTC_15062/fast] Error 2



Build output check failed:
    Regex: 'unrecognized .*option'
    Output line: 'cc1plus: note: unrecognized command-line option ‘-Wno-tautological-undefined-compare’ may have been intended to silence earlier diagnostics'
Compilation failed:
    source file: '/home/tuananh1602/opencv/build/CMakeFiles/CMakeTmp/src.cxx'
    check option: ' -Wno-tautological-undefined-compare'
===== BUILD LOG =====
Change Dir: /home/tuananh1602/opencv/build/CMakeFiles/CMakeTmp

Run Build Command(s):/usr/bin/gmake cmTC_ae9c8/fast && /usr/bin/gmake  -f CMakeFiles/cmTC_ae9c8.dir/build.make CMakeFiles/cmTC_ae9c8.dir/build
gmake[1]: Entering directory '/home/tuananh1602/opencv/build/CMakeFiles/CMakeTmp'
Building CXX object CMakeFiles/cmTC_ae9c8.dir/src.cxx.o
/usr/bin/c++   -fsigned-char -W -Wall -Werror=return-type -Werror=non-virtual-dtor -Werror=address -Werror=sequence-point -Wformat -Werror=format-security -Winit-self -Wpointer-arith -Wuninitialized -Wsuggest-override -Wno-delete-non-virtual-dtor -Wno-comment -Wimplicit-fallthrough=3 -Wno-strict-overflow -fdiagnostics-show-option -pthread -fomit-frame-pointer -ffunction-sections -fdata-sections    -fvisibility=hidden -fvisibility-inlines-hidden -fopenmp -Wno-deprecated -Wno-missing-declarations -Wno-shadow -Wno-unused-parameter -Wno-unused-local-typedefs -Wno-sign-compare -Wno-sign-promo -Wno-undef  -O3 -DNDEBUG  -DNDEBUG -fPIE    -Wno-tautological-undefined-compare -std=c++11 -o CMakeFiles/cmTC_ae9c8.dir/src.cxx.o -c /home/tuananh1602/opencv/build/CMakeFiles/CMakeTmp/src.cxx
/home/tuananh1602/opencv/build/CMakeFiles/CMakeTmp/src.cxx:1: warning: ignoring ‘#pragma  ’ [-Wunknown-pragmas]
    1 | #pragma
      | 
cc1plus: note: unrecognized command-line option ‘-Wno-tautological-undefined-compare’ may have been intended to silence earlier diagnostics
Linking CXX executable cmTC_ae9c8
/usr/bin/cmake -E cmake_link_script CMakeFiles/cmTC_ae9c8.dir/link.txt --verbose=1
/usr/bin/c++    -fsigned-char -W -Wall -Werror=return-type -Werror=non-virtual-dtor -Werror=address -Werror=sequence-point -Wformat -Werror=format-security -Winit-self -Wpointer-arith -Wuninitialized -Wsuggest-override -Wno-delete-non-virtual-dtor -Wno-comment -Wimplicit-fallthrough=3 -Wno-strict-overflow -fdiagnostics-show-option -pthread -fomit-frame-pointer -ffunction-sections -fdata-sections    -fvisibility=hidden -fvisibility-inlines-hidden -fopenmp -Wno-deprecated -Wno-missing-declarations -Wno-shadow -Wno-unused-parameter -Wno-unused-local-typedefs -Wno-sign-compare -Wno-sign-promo -Wno-undef  -O3 -DNDEBUG  -DNDEBUG   -Wl,--gc-sections -Wl,--as-needed  CMakeFiles/cmTC_ae9c8.dir/src.cxx.o -o cmTC_ae9c8 
gmake[1]: Leaving directory '/home/tuananh1602/opencv/build/CMakeFiles/CMakeTmp'


===== END =====

Build output check failed:
    Regex: 'unrecognized .*option'
    Output line: 'cc1plus: note: unrecognized command-line option ‘-Wno-shorten-64-to-32’ may have been intended to silence earlier diagnostics'
Compilation failed:
    source file: '/home/tuananh1602/opencv/build/CMakeFiles/CMakeTmp/src.cxx'
    check option: ' -Wno-shorten-64-to-32'
===== BUILD LOG =====
Change Dir: /home/tuananh1602/opencv/build/CMakeFiles/CMakeTmp

Run Build Command(s):/usr/bin/gmake cmTC_2bd5e/fast && /usr/bin/gmake  -f CMakeFiles/cmTC_2bd5e.dir/build.make CMakeFiles/cmTC_2bd5e.dir/build
gmake[1]: Entering directory '/home/tuananh1602/opencv/build/CMakeFiles/CMakeTmp'
Building CXX object CMakeFiles/cmTC_2bd5e.dir/src.cxx.o
/usr/bin/c++   -fsigned-char -W -Wall -Werror=return-type -Werror=non-virtual-dtor -Werror=address -Werror=sequence-point -Wformat -Werror=format-security -Winit-self -Wpointer-arith -Wuninitialized -Wsuggest-override -Wno-delete-non-virtual-dtor -Wno-comment -Wimplicit-fallthrough=3 -Wno-strict-overflow -fdiagnostics-show-option -pthread -fomit-frame-pointer -ffunction-sections -fdata-sections    -fvisibility=hidden -fvisibility-inlines-hidden -fopenmp -Wno-deprecated -Wno-missing-declarations -Wno-shadow -Wno-unused-parameter -Wno-unused-local-typedefs -Wno-sign-compare -Wno-sign-promo -Wno-undef -Wno-ignored-qualifiers -Wno-extra -Wno-unused-function -Wno-unused-const-variable  -O3 -DNDEBUG  -DNDEBUG -fPIE    -Wno-shorten-64-to-32 -std=c++11 -o CMakeFiles/cmTC_2bd5e.dir/src.cxx.o -c /home/tuananh1602/opencv/build/CMakeFiles/CMakeTmp/src.cxx
/home/tuananh1602/opencv/build/CMakeFiles/CMakeTmp/src.cxx:1: warning: ignoring ‘#pragma  ’ [-Wunknown-pragmas]
    1 | #pragma
      | 
cc1plus: note: unrecognized command-line option ‘-Wno-shorten-64-to-32’ may have been intended to silence earlier diagnostics
Linking CXX executable cmTC_2bd5e
/usr/bin/cmake -E cmake_link_script CMakeFiles/cmTC_2bd5e.dir/link.txt --verbose=1
/usr/bin/c++    -fsigned-char -W -Wall -Werror=return-type -Werror=non-virtual-dtor -Werror=address -Werror=sequence-point -Wformat -Werror=format-security -Winit-self -Wpointer-arith -Wuninitialized -Wsuggest-override -Wno-delete-non-virtual-dtor -Wno-comment -Wimplicit-fallthrough=3 -Wno-strict-overflow -fdiagnostics-show-option -pthread -fomit-frame-pointer -ffunction-sections -fdata-sections    -fvisibility=hidden -fvisibility-inlines-hidden -fopenmp -Wno-deprecated -Wno-missing-declarations -Wno-shadow -Wno-unused-parameter -Wno-unused-local-typedefs -Wno-sign-compare -Wno-sign-promo -Wno-undef -Wno-ignored-qualifiers -Wno-extra -Wno-unused-function -Wno-unused-const-variable  -O3 -DNDEBUG  -DNDEBUG   -Wl,--gc-sections -Wl,--as-needed  CMakeFiles/cmTC_2bd5e.dir/src.cxx.o -o cmTC_2bd5e 
gmake[1]: Leaving directory '/home/tuananh1602/opencv/build/CMakeFiles/CMakeTmp'


===== END =====

Build output check failed:
    Regex: 'unrecognized .*option'
    Output line: 'cc1plus: note: unrecognized command-line option ‘-Wno-enum-compare-switch’ may have been intended to silence earlier diagnostics'
Compilation failed:
    source file: '/home/tuananh1602/opencv/build/CMakeFiles/CMakeTmp/src.cxx'
    check option: ' -Wno-enum-compare-switch'
===== BUILD LOG =====
Change Dir: /home/tuananh1602/opencv/build/CMakeFiles/CMakeTmp

Run Build Command(s):/usr/bin/gmake cmTC_ac04c/fast && /usr/bin/gmake  -f CMakeFiles/cmTC_ac04c.dir/build.make CMakeFiles/cmTC_ac04c.dir/build
gmake[1]: Entering directory '/home/tuananh1602/opencv/build/CMakeFiles/CMakeTmp'
Building CXX object CMakeFiles/cmTC_ac04c.dir/src.cxx.o
/usr/bin/c++   -fsigned-char -W -Wall -Werror=return-type -Werror=non-virtual-dtor -Werror=address -Werror=sequence-point -Wformat -Werror=format-security -Winit-self -Wpointer-arith -Wuninitialized -Wsuggest-override -Wno-delete-non-virtual-dtor -Wno-comment -Wimplicit-fallthrough=3 -Wno-strict-overflow -fdiagnostics-show-option -pthread -fomit-frame-pointer -ffunction-sections -fdata-sections    -fvisibility=hidden -fvisibility-inlines-hidden -fopenmp -Wno-deprecated -Wno-missing-declarations -Wno-shadow -Wno-unused-parameter -Wno-unused-local-typedefs -Wno-sign-compare -Wno-sign-promo -Wno-undef -Wno-ignored-qualifiers -Wno-extra -Wno-unused-function -Wno-unused-const-variable -Wno-invalid-offsetof  -O3 -DNDEBUG  -DNDEBUG -fPIE    -Wno-enum-compare-switch -std=c++11 -o CMakeFiles/cmTC_ac04c.dir/src.cxx.o -c /home/tuananh1602/opencv/build/CMakeFiles/CMakeTmp/src.cxx
/home/tuananh1602/opencv/build/CMakeFiles/CMakeTmp/src.cxx:1: warning: ignoring ‘#pragma  ’ [-Wunknown-pragmas]
    1 | #pragma
      | 
cc1plus: note: unrecognized command-line option ‘-Wno-enum-compare-switch’ may have been intended to silence earlier diagnostics
Linking CXX executable cmTC_ac04c
/usr/bin/cmake -E cmake_link_script CMakeFiles/cmTC_ac04c.dir/link.txt --verbose=1
/usr/bin/c++    -fsigned-char -W -Wall -Werror=return-type -Werror=non-virtual-dtor -Werror=address -Werror=sequence-point -Wformat -Werror=format-security -Winit-self -Wpointer-arith -Wuninitialized -Wsuggest-override -Wno-delete-non-virtual-dtor -Wno-comment -Wimplicit-fallthrough=3 -Wno-strict-overflow -fdiagnostics-show-option -pthread -fomit-frame-pointer -ffunction-sections -fdata-sections    -fvisibility=hidden -fvisibility-inlines-hidden -fopenmp -Wno-deprecated -Wno-missing-declarations -Wno-shadow -Wno-unused-parameter -Wno-unused-local-typedefs -Wno-sign-compare -Wno-sign-promo -Wno-undef -Wno-ignored-qualifiers -Wno-extra -Wno-unused-function -Wno-unused-const-variable -Wno-invalid-offsetof  -O3 -DNDEBUG  -DNDEBUG   -Wl,--gc-sections -Wl,--as-needed  CMakeFiles/cmTC_ac04c.dir/src.cxx.o -o cmTC_ac04c 
gmake[1]: Leaving directory '/home/tuananh1602/opencv/build/CMakeFiles/CMakeTmp'


===== END =====

Determining if the include file sys/videoio.h exists failed with the following output:
Change Dir: /home/tuananh1602/opencv/build/CMakeFiles/CMakeTmp

Run Build Command(s):/usr/bin/gmake cmTC_5dd31/fast && /usr/bin/gmake  -f CMakeFiles/cmTC_5dd31.dir/build.make CMakeFiles/cmTC_5dd31.dir/build
gmake[1]: Entering directory '/home/tuananh1602/opencv/build/CMakeFiles/CMakeTmp'
Building C object CMakeFiles/cmTC_5dd31.dir/CheckIncludeFile.c.o
/usr/bin/cc   -fsigned-char -W -Wall -Werror=return-type -Werror=address -Werror=sequence-point -Wformat -Werror=format-security -Wmissing-declarations -Wmissing-prototypes -Wstrict-prototypes -Wundef -Winit-self -Wpointer-arith -Wshadow -Wuninitialized -Wno-comment -Wimplicit-fallthrough=3 -Wno-strict-overflow -fdiagnostics-show-option -pthread -fomit-frame-pointer -ffunction-sections -fdata-sections    -fvisibility=hidden -fopenmp  -O3 -DNDEBUG  -DNDEBUG -fPIE -o CMakeFiles/cmTC_5dd31.dir/CheckIncludeFile.c.o -c /home/tuananh1602/opencv/build/CMakeFiles/CMakeTmp/CheckIncludeFile.c
/home/tuananh1602/opencv/build/CMakeFiles/CMakeTmp/CheckIncludeFile.c:1:10: fatal error: sys/videoio.h: No such file or directory
    1 | #include <sys/videoio.h>
      |          ^~~~~~~~~~~~~~~
compilation terminated.
gmake[1]: *** [CMakeFiles/cmTC_5dd31.dir/build.make:85: CMakeFiles/cmTC_5dd31.dir/CheckIncludeFile.c.o] Error 1
gmake[1]: Leaving directory '/home/tuananh1602/opencv/build/CMakeFiles/CMakeTmp'
gmake: *** [Makefile:140: cmTC_5dd31/fast] Error 2



Build output check failed:
    Regex: 'unrecognized .*option'
    Output line: 'cc1plus: note: unrecognized command-line option ‘-Wno-unused-private-field’ may have been intended to silence earlier diagnostics'
Compilation failed:
    source file: '/home/tuananh1602/opencv/build/CMakeFiles/CMakeTmp/src.cxx'
    check option: ' -Wno-unused-private-field'
===== BUILD LOG =====
Change Dir: /home/tuananh1602/opencv/build/CMakeFiles/CMakeTmp

Run Build Command(s):/usr/bin/gmake cmTC_53dec/fast && /usr/bin/gmake  -f CMakeFiles/cmTC_53dec.dir/build.make CMakeFiles/cmTC_53dec.dir/build
gmake[1]: Entering directory '/home/tuananh1602/opencv/build/CMakeFiles/CMakeTmp'
Building CXX object CMakeFiles/cmTC_53dec.dir/src.cxx.o
/usr/bin/c++   -fsigned-char -W -Wall -Werror=return-type -Werror=non-virtual-dtor -Werror=address -Werror=sequence-point -Wformat -Werror=format-security -Wmissing-declarations -Wundef -Winit-self -Wpointer-arith -Wshadow -Wsign-promo -Wuninitialized -Wsuggest-override -Wno-delete-non-virtual-dtor -Wno-comment -Wimplicit-fallthrough=3 -Wno-strict-overflow -fdiagnostics-show-option -pthread -fomit-frame-pointer -ffunction-sections -fdata-sections    -fvisibility=hidden -fvisibility-inlines-hidden -fopenmp -Wno-unused-function -Wno-deprecated-declarations -Wno-overloaded-virtual  -O3 -DNDEBUG  -DNDEBUG -fPIE    -Wno-unused-private-field -std=c++11 -o CMakeFiles/cmTC_53dec.dir/src.cxx.o -c /home/tuananh1602/opencv/build/CMakeFiles/CMakeTmp/src.cxx
/home/tuananh1602/opencv/build/CMakeFiles/CMakeTmp/src.cxx:1: warning: ignoring ‘#pragma  ’ [-Wunknown-pragmas]
    1 | #pragma
      | 
cc1plus: note: unrecognized command-line option ‘-Wno-unused-private-field’ may have been intended to silence earlier diagnostics
Linking CXX executable cmTC_53dec
/usr/bin/cmake -E cmake_link_script CMakeFiles/cmTC_53dec.dir/link.txt --verbose=1
/usr/bin/c++    -fsigned-char -W -Wall -Werror=return-type -Werror=non-virtual-dtor -Werror=address -Werror=sequence-point -Wformat -Werror=format-security -Wmissing-declarations -Wundef -Winit-self -Wpointer-arith -Wshadow -Wsign-promo -Wuninitialized -Wsuggest-override -Wno-delete-non-virtual-dtor -Wno-comment -Wimplicit-fallthrough=3 -Wno-strict-overflow -fdiagnostics-show-option -pthread -fomit-frame-pointer -ffunction-sections -fdata-sections    -fvisibility=hidden -fvisibility-inlines-hidden -fopenmp -Wno-unused-function -Wno-deprecated-declarations -Wno-overloaded-virtual  -O3 -DNDEBUG  -DNDEBUG   -Wl,--gc-sections -Wl,--as-needed  CMakeFiles/cmTC_53dec.dir/src.cxx.o -o cmTC_53dec 
gmake[1]: Leaving directory '/home/tuananh1602/opencv/build/CMakeFiles/CMakeTmp'


===== END =====

